Running php-build composer

WARNING! Your credentials are stored unencrypted in '/home/runner/.docker/config.json'.
Configure a credential helper to remove this warning. See
https://docs.docker.com/go/credential-store/

Login Succeeded
Pulling docker.pkg.github.com/stellarwp/pigeon/php-actions_composer_pigeon:php-7.4-zip-build2.1.0
php-7.4-zip-build2.1.0: Pulling from stellarwp/pigeon/php-actions_composer_pigeon
ca7dd9ec2225: Pulling fs layer
1b78b4fe0ca1: Pulling fs layer
9d6040f2a28f: Pulling fs layer
0e2e66b89284: Pulling fs layer
3b1be5f02bec: Pulling fs layer
96243f515dda: Pulling fs layer
4006f78ca99d: Pulling fs layer
3c76b37a5dd7: Pulling fs layer
6491a80416fc: Pulling fs layer
7d4aaaa91d70: Pulling fs layer
fb2efe991d9e: Pulling fs layer
c30c2253052e: Pulling fs layer
0e2e66b89284: Waiting
3b1be5f02bec: Waiting
96243f515dda: Waiting
4006f78ca99d: Waiting
3c76b37a5dd7: Waiting
6491a80416fc: Waiting
7d4aaaa91d70: Waiting
fb2efe991d9e: Waiting
c30c2253052e: Waiting
9d6040f2a28f: Verifying Checksum
9d6040f2a28f: Download complete
1b78b4fe0ca1: Verifying Checksum
1b78b4fe0ca1: Download complete
ca7dd9ec2225: Verifying Checksum
ca7dd9ec2225: Pull complete
0e2e66b89284: Verifying Checksum
0e2e66b89284: Download complete
96243f515dda: Verifying Checksum
96243f515dda: Download complete
3b1be5f02bec: Verifying Checksum
3b1be5f02bec: Download complete
1b78b4fe0ca1: Pull complete
9d6040f2a28f: Pull complete
0e2e66b89284: Pull complete
6491a80416fc: Verifying Checksum
6491a80416fc: Download complete
3b1be5f02bec: Pull complete
96243f515dda: Pull complete
7d4aaaa91d70: Verifying Checksum
7d4aaaa91d70: Download complete
fb2efe991d9e: Verifying Checksum
fb2efe991d9e: Download complete
3c76b37a5dd7: Verifying Checksum
3c76b37a5dd7: Download complete
4006f78ca99d: Verifying Checksum
4006f78ca99d: Download complete
c30c2253052e: Verifying Checksum
c30c2253052e: Download complete
4006f78ca99d: Pull complete
3c76b37a5dd7: Pull complete
6491a80416fc: Pull complete
7d4aaaa91d70: Pull complete
fb2efe991d9e: Pull complete
c30c2253052e: Pull complete
Digest: sha256:f1ca195faedb21536fc0d2ead35244cc8560bfca514b6291a4745d233b2bf342
Status: Downloaded newer image for docker.pkg.github.com/stellarwp/pigeon/php-actions_composer_pigeon:php-7.4-zip-build2.1.0
docker.pkg.github.com/stellarwp/pigeon/php-actions_composer_pigeon:php-7.4-zip-build2.1.0
Docker tag: docker.pkg.github.com/stellarwp/pigeon/php-actions_composer_pigeon:php-7.4-zip-build2.1.0
No private keys supplied
Command: composer install --no-progress --no-interaction
Skipping env variable PWD
Skipping env variable HOME
Skipping env variable SHLVL
Skipping env variable PATH
